This file contains any messages produced by compilers while
running configure, to aid debugging if configure makes a mistake.

It was created by PCRE2 configure 10.21, which was
generated by GNU Autoconf 2.69.  Invocation command line was

  $ ./configure --disable-option-checking --prefix=/usr/local --disable-pcre2-8 --enable-pcre2-32 --disable-shared --cache-file=/dev/null --srcdir=.

## --------- ##
## Platform. ##
## --------- ##

hostname = 210-solaris.nsscn.org
uname -m = i86pc
uname -r = 5.11
uname -s = SunOS
uname -v = 11.3

/usr/bin/uname -p = i386
/bin/uname -X     = System = SunOS
Node = 210-solaris.nsscn.org
Release = 5.11
KernelID = 11.3
Machine = i86pc
BusType = <unknown>
Serial = <unknown>
Users = <unknown>
OEM# = 0
Origin# = 1
NumCPU = 8

/bin/arch              = i86pc
/usr/bin/arch -k       = i86pc
/usr/convex/getsysinfo = unknown
/usr/bin/hostinfo      = unknown
/bin/machine           = unknown
/usr/bin/oslevel       = unknown
/bin/universe          = unknown

PATH: /usr/xpg4/bin
PATH: /usr/bin
PATH: /bin


## ----------- ##
## Core tests. ##
## ----------- ##

configure:2537: checking for a BSD-compatible install
configure:2605: result: /usr/bin/ginstall -c
configure:2616: checking whether build environment is sane
configure:2671: result: yes
configure:2822: checking for a thread-safe mkdir -p
configure:2861: result: /usr/bin/gmkdir -p
configure:2868: checking for gawk
configure:2884: found /usr/bin/gawk
configure:2895: result: gawk
configure:2906: checking whether make sets $(MAKE)
configure:2928: result: yes
configure:2957: checking whether make supports nested variables
configure:2974: result: yes
configure:3111: checking whether make supports nested variables
configure:3128: result: yes
configure:3146: checking whether to enable maintainer-specific portions of Makefiles
configure:3155: result: no
configure:3183: checking for style of include used by make
configure:3211: result: GNU
configure:3282: checking for gcc
configure:3298: found /usr/bin/gcc
configure:3309: result: gcc
configure:3538: checking for C compiler version
configure:3547: gcc --version >&5
gcc (GCC) 4.8.2
Copyright (C) 2013 Free Software Foundation, Inc.
This is free software; see the source for copying conditions.  There is NO
warranty; not even for MERCHANTABILITY or FITNESS FOR A PARTICULAR PURPOSE.

configure:3558: $? = 0
configure:3547: gcc -v >&5
Using built-in specs.
COLLECT_GCC=gcc
COLLECT_LTO_WRAPPER=/usr/gcc/4.8/lib/gcc/i386-pc-solaris2.11/4.8.2/lto-wrapper
Target: i386-pc-solaris2.11
Configured with: /builds/hudson/workspace/nightly-update/build/i386/components/gcc48/gcc-4.8.2/configure CC=/usr/gcc/4.7/bin/gcc CXX=/usr/gcc/4.7/bin/g++ --prefix=/usr/gcc/4.8 --mandir=/usr/gcc/4.8/share/man --bindir=/usr/gcc/4.8/bin --libdir=/usr/gcc/4.8/lib --sbindir=/usr/gcc/4.8/sbin --infodir=/usr/gcc/4.8/share/info --libexecdir=/usr/gcc/4.8/lib --enable-languages=c,c++,fortran,objc --enable-shared --with-gmp-include=/usr/include/gmp --with-mpfr-include=/usr/include/mpfr --without-gnu-ld --with-ld=/usr/bin/ld --with-gnu-as --with-as=/usr/gnu/bin/as CFLAGS='-g -O2  -mtune=opteron -march=opteron' CXXFLAGS='-g -O2 -mtune=opteron -march=opteron'
Thread model: posix
gcc version 4.8.2 (GCC) 
configure:3558: $? = 0
configure:3547: gcc -V >&5
gcc: error: unrecognized command line option '-V'
gcc: fatal error: no input files
compilation terminated.
configure:3558: $? = 1
configure:3547: gcc -qversion >&5
gcc: error: unrecognized command line option '-qversion'
gcc: fatal error: no input files
compilation terminated.
configure:3558: $? = 1
configure:3578: checking whether the C compiler works
configure:3600: gcc    conftest.c  >&5
configure:3604: $? = 0
configure:3652: result: yes
configure:3655: checking for C compiler default output file name
configure:3657: result: a.out
configure:3663: checking for suffix of executables
configure:3670: gcc -o conftest    conftest.c  >&5
configure:3674: $? = 0
configure:3696: result: 
configure:3718: checking whether we are cross compiling
configure:3726: gcc -o conftest    conftest.c  >&5
configure:3730: $? = 0
configure:3737: ./conftest
configure:3741: $? = 0
configure:3756: result: no
configure:3761: checking for suffix of object files
configure:3783: gcc -c   conftest.c >&5
configure:3787: $? = 0
configure:3808: result: o
configure:3812: checking whether we are using the GNU C compiler
configure:3831: gcc -c   conftest.c >&5
configure:3831: $? = 0
configure:3840: result: yes
configure:3849: checking whether gcc accepts -g
configure:3869: gcc -c -g  conftest.c >&5
configure:3869: $? = 0
configure:3910: result: yes
configure:3927: checking for gcc option to accept ISO C89
configure:3990: gcc  -c -g -O2  conftest.c >&5
configure:3990: $? = 0
configure:4003: result: none needed
configure:4028: checking whether gcc understands -c and -o together
configure:4050: gcc -c conftest.c -o conftest2.o
configure:4053: $? = 0
configure:4050: gcc -c conftest.c -o conftest2.o
configure:4053: $? = 0
configure:4065: result: yes
configure:4084: checking dependency style of gcc
configure:4195: result: gcc3
configure:4260: checking for ar
configure:4276: found /usr/xpg4/bin/ar
configure:4287: result: ar
configure:4313: checking the archiver (ar) interface
configure:4329: gcc -c -g -O2  conftest.c >&5
configure:4329: $? = 0
configure:4331: ar cru libconftest.a conftest.o >&5
configure:4334: $? = 0
configure:4362: result: ar
configure:4444: checking for gcc
configure:4471: result: gcc
configure:4700: checking for C compiler version
configure:4709: gcc --version >&5
gcc (GCC) 4.8.2
Copyright (C) 2013 Free Software Foundation, Inc.
This is free software; see the source for copying conditions.  There is NO
warranty; not even for MERCHANTABILITY or FITNESS FOR A PARTICULAR PURPOSE.

configure:4720: $? = 0
configure:4709: gcc -v >&5
Using built-in specs.
COLLECT_GCC=gcc
COLLECT_LTO_WRAPPER=/usr/gcc/4.8/lib/gcc/i386-pc-solaris2.11/4.8.2/lto-wrapper
Target: i386-pc-solaris2.11
Configured with: /builds/hudson/workspace/nightly-update/build/i386/components/gcc48/gcc-4.8.2/configure CC=/usr/gcc/4.7/bin/gcc CXX=/usr/gcc/4.7/bin/g++ --prefix=/usr/gcc/4.8 --mandir=/usr/gcc/4.8/share/man --bindir=/usr/gcc/4.8/bin --libdir=/usr/gcc/4.8/lib --sbindir=/usr/gcc/4.8/sbin --infodir=/usr/gcc/4.8/share/info --libexecdir=/usr/gcc/4.8/lib --enable-languages=c,c++,fortran,objc --enable-shared --with-gmp-include=/usr/include/gmp --with-mpfr-include=/usr/include/mpfr --without-gnu-ld --with-ld=/usr/bin/ld --with-gnu-as --with-as=/usr/gnu/bin/as CFLAGS='-g -O2  -mtune=opteron -march=opteron' CXXFLAGS='-g -O2 -mtune=opteron -march=opteron'
Thread model: posix
gcc version 4.8.2 (GCC) 
configure:4720: $? = 0
configure:4709: gcc -V >&5
gcc: error: unrecognized command line option '-V'
gcc: fatal error: no input files
compilation terminated.
configure:4720: $? = 1
configure:4709: gcc -qversion >&5
gcc: error: unrecognized command line option '-qversion'
gcc: fatal error: no input files
compilation terminated.
configure:4720: $? = 1
configure:4724: checking whether we are using the GNU C compiler
configure:4752: result: yes
configure:4761: checking whether gcc accepts -g
configure:4822: result: yes
configure:4839: checking for gcc option to accept ISO C89
configure:4915: result: none needed
configure:4940: checking whether gcc understands -c and -o together
configure:4977: result: yes
configure:4996: checking dependency style of gcc
configure:5107: result: gcc3
configure:5141: checking how to run the C preprocessor
configure:5172: gcc -E  conftest.c
configure:5172: $? = 0
configure:5186: gcc -E  conftest.c
conftest.c:11:28: fatal error: ac_nonexistent.h: No such file or directory
 #include <ac_nonexistent.h>
                            ^
compilation terminated.
configure:5186: $? = 1
configure: failed program was:
| /* confdefs.h */
| #define PACKAGE_NAME "PCRE2"
| #define PACKAGE_TARNAME "pcre2"
| #define PACKAGE_VERSION "10.21"
| #define PACKAGE_STRING "PCRE2 10.21"
| #define PACKAGE_BUGREPORT ""
| #define PACKAGE_URL ""
| #define PACKAGE "pcre2"
| #define VERSION "10.21"
| /* end confdefs.h.  */
| #include <ac_nonexistent.h>
configure:5211: result: gcc -E
configure:5231: gcc -E  conftest.c
configure:5231: $? = 0
configure:5245: gcc -E  conftest.c
conftest.c:11:28: fatal error: ac_nonexistent.h: No such file or directory
 #include <ac_nonexistent.h>
                            ^
compilation terminated.
configure:5245: $? = 1
configure: failed program was:
| /* confdefs.h */
| #define PACKAGE_NAME "PCRE2"
| #define PACKAGE_TARNAME "pcre2"
| #define PACKAGE_VERSION "10.21"
| #define PACKAGE_STRING "PCRE2 10.21"
| #define PACKAGE_BUGREPORT ""
| #define PACKAGE_URL ""
| #define PACKAGE "pcre2"
| #define VERSION "10.21"
| /* end confdefs.h.  */
| #include <ac_nonexistent.h>
configure:5274: checking for grep that handles long lines and -e
configure:5332: result: /usr/bin/ggrep
configure:5337: checking for egrep
configure:5399: result: /usr/bin/ggrep -E
configure:5404: checking for ANSI C header files
configure:5424: gcc -c -g -O2  conftest.c >&5
configure:5424: $? = 0
configure:5497: gcc -o conftest -g -O2   conftest.c  >&5
configure:5497: $? = 0
configure:5497: ./conftest
configure:5497: $? = 0
configure:5508: result: yes
configure:5521: checking for sys/types.h
configure:5521: gcc -c -g -O2  conftest.c >&5
configure:5521: $? = 0
configure:5521: result: yes
configure:5521: checking for sys/stat.h
configure:5521: gcc -c -g -O2  conftest.c >&5
configure:5521: $? = 0
configure:5521: result: yes
configure:5521: checking for stdlib.h
configure:5521: gcc -c -g -O2  conftest.c >&5
configure:5521: $? = 0
configure:5521: result: yes
configure:5521: checking for string.h
configure:5521: gcc -c -g -O2  conftest.c >&5
configure:5521: $? = 0
configure:5521: result: yes
configure:5521: checking for memory.h
configure:5521: gcc -c -g -O2  conftest.c >&5
configure:5521: $? = 0
configure:5521: result: yes
configure:5521: checking for strings.h
configure:5521: gcc -c -g -O2  conftest.c >&5
configure:5521: $? = 0
configure:5521: result: yes
configure:5521: checking for inttypes.h
configure:5521: gcc -c -g -O2  conftest.c >&5
configure:5521: $? = 0
configure:5521: result: yes
configure:5521: checking for stdint.h
configure:5521: gcc -c -g -O2  conftest.c >&5
configure:5521: $? = 0
configure:5521: result: yes
configure:5521: checking for unistd.h
configure:5521: gcc -c -g -O2  conftest.c >&5
configure:5521: $? = 0
configure:5521: result: yes
configure:5533: checking for int64_t
configure:5533: gcc -c -g -O2  conftest.c >&5
configure:5533: $? = 0
configure:5533: gcc -c -g -O2  conftest.c >&5
conftest.c: In function 'main':
conftest.c:59:53: warning: integer overflow in expression [-Woverflow]
    < (int64_t) (((((int64_t) 1 << N) << N) - 1) * 2 + 2))];
                                                     ^
conftest.c:58:12: error: storage size of 'test_array' isn't constant
 static int test_array [1 - 2 * !((int64_t) (((((int64_t) 1 << N) << N) - 1) * 2 + 1)
            ^
configure:5533: $? = 1
configure: failed program was:
| /* confdefs.h */
| #define PACKAGE_NAME "PCRE2"
| #define PACKAGE_TARNAME "pcre2"
| #define PACKAGE_VERSION "10.21"
| #define PACKAGE_STRING "PCRE2 10.21"
| #define PACKAGE_BUGREPORT ""
| #define PACKAGE_URL ""
| #define PACKAGE "pcre2"
| #define VERSION "10.21"
| #define STDC_HEADERS 1
| #define HAVE_SYS_TYPES_H 1
| #define HAVE_SYS_STAT_H 1
| #define HAVE_STDLIB_H 1
| #define HAVE_STRING_H 1
| #define HAVE_MEMORY_H 1
| #define HAVE_STRINGS_H 1
| #define HAVE_INTTYPES_H 1
| #define HAVE_STDINT_H 1
| #define HAVE_UNISTD_H 1
| /* end confdefs.h.  */
| #include <stdio.h>
| #ifdef HAVE_SYS_TYPES_H
| # include <sys/types.h>
| #endif
| #ifdef HAVE_SYS_STAT_H
| # include <sys/stat.h>
| #endif
| #ifdef STDC_HEADERS
| # include <stdlib.h>
| # include <stddef.h>
| #else
| # ifdef HAVE_STDLIB_H
| #  include <stdlib.h>
| # endif
| #endif
| #ifdef HAVE_STRING_H
| # if !defined STDC_HEADERS && defined HAVE_MEMORY_H
| #  include <memory.h>
| # endif
| # include <string.h>
| #endif
| #ifdef HAVE_STRINGS_H
| # include <strings.h>
| #endif
| #ifdef HAVE_INTTYPES_H
| # include <inttypes.h>
| #endif
| #ifdef HAVE_STDINT_H
| # include <stdint.h>
| #endif
| #ifdef HAVE_UNISTD_H
| # include <unistd.h>
| #endif
| 	        enum { N = 64 / 2 - 1 };
| int
| main ()
| {
| static int test_array [1 - 2 * !((int64_t) (((((int64_t) 1 << N) << N) - 1) * 2 + 1)
| 		 < (int64_t) (((((int64_t) 1 << N) << N) - 1) * 2 + 2))];
| test_array [0] = 0;
| return test_array [0];
| 
|   ;
|   return 0;
| }
configure:5533: result: yes
configure:5550: checking build system type
configure:5564: result: i386-pc-solaris2.11
configure:5584: checking host system type
configure:5597: result: i386-pc-solaris2.11
configure:5966: checking how to print strings
configure:5995: result: print -r
configure:6014: checking for a sed that does not truncate output
configure:6078: result: /usr/bin/gsed
configure:6096: checking for fgrep
configure:6158: result: /usr/bin/ggrep -F
configure:6193: checking for ld used by gcc
configure:6260: result: /usr/bin/ld
configure:6267: checking if the linker (/usr/bin/ld) is GNU ld
configure:6282: result: no
configure:6294: checking for BSD- or MS-compatible name lister (nm)
configure:6348: result: /usr/xpg4/bin/nm -p
configure:6478: checking the name lister (/usr/xpg4/bin/nm -p) interface
configure:6485: gcc -c -g -O2  conftest.c >&5
configure:6488: /usr/xpg4/bin/nm -p "conftest.o"
configure:6491: output


conftest.o:
0000000000 s 
0000000000 s 
0000000000 s 
0000000000 b 
0000000000 s 
0000000000 s 
0000000000 s 
0000000000 s 
0000000000 s 
0000000000 f conftest.c
0000000000 B some_variable
configure:6498: result: BSD nm
configure:6501: checking whether ln -s works
configure:6505: result: yes
configure:6513: checking the maximum length of command line arguments
configure:6644: result: 786240
configure:6692: checking how to convert i386-pc-solaris2.11 file names to i386-pc-solaris2.11 format
configure:6732: result: func_convert_file_noop
configure:6739: checking how to convert i386-pc-solaris2.11 file names to toolchain format
configure:6759: result: func_convert_file_noop
configure:6766: checking for /usr/bin/ld option to reload object files
configure:6773: result: -r
configure:6847: checking for objdump
configure:6874: result: objdump
configure:6903: checking how to recognize dependent libraries
configure:7103: result: pass_all
configure:7188: checking for dlltool
configure:7215: result: dlltool
configure:7245: checking how to associate runtime and link libraries
configure:7272: result: print -r --
configure:7396: checking for archiver @FILE support
configure:7413: gcc -c -g -O2  conftest.c >&5
configure:7413: $? = 0
configure:7416: ar cru libconftest.a @conftest.lst >&5
ar: cannot open @conftest.lst: No such file or directory
ar: @conftest.lst not found
configure:7419: $? = 1
configure:7439: result: no
configure:7497: checking for strip
configure:7513: found /usr/bin/strip
configure:7524: result: strip
configure:7596: checking for ranlib
configure:7612: found /usr/bin/ranlib
configure:7623: result: ranlib
configure:7725: checking command to parse /usr/xpg4/bin/nm -p output from gcc object
configure:7878: gcc -c -g -O2  conftest.c >&5
configure:7881: $? = 0
configure:7885: /usr/xpg4/bin/nm -p conftest.o \| sed -n -e 's/^.*[ ]\([BDRT][BDRT]*\)[ ][ ]*\([_A-Za-z][_A-Za-z0-9]*\)$/\1 \2 \2/p' | sed '/ __gnu_lto/d' \> conftest.nm
configure:7888: $? = 0
cannot find nm_test_var in conftest.nm
configure:7878: gcc -c -g -O2  conftest.c >&5
configure:7881: $? = 0
configure:7885: /usr/xpg4/bin/nm -p conftest.o \| sed -n -e 's/^.*[ ]\([BDRT][BDRT]*\)[ ][ ]*_\([_A-Za-z][_A-Za-z0-9]*\)$/\1 _\2 \2/p' | sed '/ __gnu_lto/d' \> conftest.nm
configure:7888: $? = 0
cannot run sed -n -e 's/^.*[	 ]\([BDRT][BDRT]*\)[	 ][	 ]*_\([_A-Za-z][_A-Za-z0-9]*\)$/\1 _\2 \2/p' | sed '/ __gnu_lto/d'
configure:7992: result: failed
configure:8042: checking for sysroot
configure:8072: result: no
configure:8079: checking for a working dd
configure:8117: result: /usr/bin/dd
configure:8121: checking how to truncate binary pipes
configure:8136: result: /usr/bin/dd bs=4096 count=1
configure:8385: gcc -c -g -O2  conftest.c >&5
configure:8388: $? = 0
configure:8465: checking for mt
configure:8481: found /usr/bin/mt
configure:8492: result: mt
configure:8515: checking if mt is a manifest tool
configure:8521: mt '-?'
mt: unknown command: -?
configure:8529: result: no
configure:9203: checking for dlfcn.h
configure:9203: gcc -c -g -O2  conftest.c >&5
configure:9203: $? = 0
configure:9203: result: yes
configure:9457: checking for objdir
configure:9472: result: .libs
configure:9736: checking if gcc supports -fno-rtti -fno-exceptions
configure:9754: gcc -c -g -O2  -fno-rtti -fno-exceptions conftest.c >&5
cc1: warning: command line option '-fno-rtti' is valid for C++/ObjC++ but not for C [enabled by default]
configure:9758: $? = 0
configure:9771: result: no
configure:10129: checking for gcc option to produce PIC
configure:10136: result: -fPIC -DPIC
configure:10144: checking if gcc PIC flag -fPIC -DPIC works
configure:10162: gcc -c -g -O2  -fPIC -DPIC -DPIC conftest.c >&5
configure:10166: $? = 0
configure:10179: result: yes
configure:10208: checking if gcc static flag -static works
configure:10236: result: no
configure:10251: checking if gcc supports -c -o file.o
configure:10272: gcc -c -g -O2  -o out/conftest2.o conftest.c >&5
configure:10276: $? = 0
configure:10298: result: yes
configure:10306: checking if gcc supports -c -o file.o
configure:10353: result: yes
configure:10386: checking whether the gcc linker (/usr/bin/ld) supports shared libraries
configure:11645: result: yes
configure:11885: checking dynamic linker characteristics
configure:12703: result: solaris2.11 ld.so
configure:12825: checking how to hardcode library paths into programs
configure:12850: result: immediate
configure:13398: checking whether stripping libraries is possible
configure:13420: result: no
configure:13438: checking if libtool supports shared libraries
configure:13440: result: yes
configure:13443: checking whether to build shared libraries
configure:13468: result: no
configure:13471: checking whether to build static libraries
configure:13475: result: yes
configure:13512: checking whether ln -s works
configure:13516: result: yes
configure:13532: checking whether the -Werror option is usable
configure:13551: gcc -c -g -O2 -Werror  conftest.c >&5
configure:13551: $? = 0
configure:13560: result: yes
configure:13562: checking for simple visibility declarations
configure:13589: gcc -c -g -O2 -fvisibility=hidden -Werror  conftest.c >&5
configure:13589: $? = 0
configure:13598: result: yes
configure:14020: checking for ANSI C header files
configure:14124: result: yes
configure:14135: checking limits.h usability
configure:14135: gcc -c -g -O2  conftest.c >&5
configure:14135: $? = 0
configure:14135: result: yes
configure:14135: checking limits.h presence
configure:14135: gcc -E  conftest.c
configure:14135: $? = 0
configure:14135: result: yes
configure:14135: checking for limits.h
configure:14135: result: yes
configure:14135: checking for sys/types.h
configure:14135: result: yes
configure:14135: checking for sys/stat.h
configure:14135: result: yes
configure:14135: checking dirent.h usability
configure:14135: gcc -c -g -O2  conftest.c >&5
configure:14135: $? = 0
configure:14135: result: yes
configure:14135: checking dirent.h presence
configure:14135: gcc -E  conftest.c
configure:14135: $? = 0
configure:14135: result: yes
configure:14135: checking for dirent.h
configure:14135: result: yes
configure:14147: checking windows.h usability
configure:14147: gcc -c -g -O2  conftest.c >&5
conftest.c:66:21: fatal error: windows.h: No such file or directory
 #include <windows.h>
                     ^
compilation terminated.
configure:14147: $? = 1
configure: failed program was:
| /* confdefs.h */
| #define PACKAGE_NAME "PCRE2"
| #define PACKAGE_TARNAME "pcre2"
| #define PACKAGE_VERSION "10.21"
| #define PACKAGE_STRING "PCRE2 10.21"
| #define PACKAGE_BUGREPORT ""
| #define PACKAGE_URL ""
| #define PACKAGE "pcre2"
| #define VERSION "10.21"
| #define STDC_HEADERS 1
| #define HAVE_SYS_TYPES_H 1
| #define HAVE_SYS_STAT_H 1
| #define HAVE_STDLIB_H 1
| #define HAVE_STRING_H 1
| #define HAVE_MEMORY_H 1
| #define HAVE_STRINGS_H 1
| #define HAVE_INTTYPES_H 1
| #define HAVE_STDINT_H 1
| #define HAVE_UNISTD_H 1
| #define HAVE_DLFCN_H 1
| #define LT_OBJDIR ".libs/"
| #define PCRE2_EXP_DECL extern __attribute__ ((visibility ("default")))
| #define PCRE2_EXP_DEFN __attribute__ ((visibility ("default")))
| #define PCRE2POSIX_EXP_DECL extern __attribute__ ((visibility ("default")))
| #define PCRE2POSIX_EXP_DEFN extern __attribute__ ((visibility ("default")))
| #define HAVE_VISIBILITY 1
| #define STDC_HEADERS 1
| #define HAVE_LIMITS_H 1
| #define HAVE_SYS_TYPES_H 1
| #define HAVE_SYS_STAT_H 1
| #define HAVE_DIRENT_H 1
| /* end confdefs.h.  */
| #include <stdio.h>
| #ifdef HAVE_SYS_TYPES_H
| # include <sys/types.h>
| #endif
| #ifdef HAVE_SYS_STAT_H
| # include <sys/stat.h>
| #endif
| #ifdef STDC_HEADERS
| # include <stdlib.h>
| # include <stddef.h>
| #else
| # ifdef HAVE_STDLIB_H
| #  include <stdlib.h>
| # endif
| #endif
| #ifdef HAVE_STRING_H
| # if !defined STDC_HEADERS && defined HAVE_MEMORY_H
| #  include <memory.h>
| # endif
| # include <string.h>
| #endif
| #ifdef HAVE_STRINGS_H
| # include <strings.h>
| #endif
| #ifdef HAVE_INTTYPES_H
| # include <inttypes.h>
| #endif
| #ifdef HAVE_STDINT_H
| # include <stdint.h>
| #endif
| #ifdef HAVE_UNISTD_H
| # include <unistd.h>
| #endif
| #include <windows.h>
configure:14147: result: no
configure:14147: checking windows.h presence
configure:14147: gcc -E  conftest.c
conftest.c:33:21: fatal error: windows.h: No such file or directory
 #include <windows.h>
                     ^
compilation terminated.
configure:14147: $? = 1
configure: failed program was:
| /* confdefs.h */
| #define PACKAGE_NAME "PCRE2"
| #define PACKAGE_TARNAME "pcre2"
| #define PACKAGE_VERSION "10.21"
| #define PACKAGE_STRING "PCRE2 10.21"
| #define PACKAGE_BUGREPORT ""
| #define PACKAGE_URL ""
| #define PACKAGE "pcre2"
| #define VERSION "10.21"
| #define STDC_HEADERS 1
| #define HAVE_SYS_TYPES_H 1
| #define HAVE_SYS_STAT_H 1
| #define HAVE_STDLIB_H 1
| #define HAVE_STRING_H 1
| #define HAVE_MEMORY_H 1
| #define HAVE_STRINGS_H 1
| #define HAVE_INTTYPES_H 1
| #define HAVE_STDINT_H 1
| #define HAVE_UNISTD_H 1
| #define HAVE_DLFCN_H 1
| #define LT_OBJDIR ".libs/"
| #define PCRE2_EXP_DECL extern __attribute__ ((visibility ("default")))
| #define PCRE2_EXP_DEFN __attribute__ ((visibility ("default")))
| #define PCRE2POSIX_EXP_DECL extern __attribute__ ((visibility ("default")))
| #define PCRE2POSIX_EXP_DEFN extern __attribute__ ((visibility ("default")))
| #define HAVE_VISIBILITY 1
| #define STDC_HEADERS 1
| #define HAVE_LIMITS_H 1
| #define HAVE_SYS_TYPES_H 1
| #define HAVE_SYS_STAT_H 1
| #define HAVE_DIRENT_H 1
| /* end confdefs.h.  */
| #include <windows.h>
configure:14147: result: no
configure:14147: checking for windows.h
configure:14147: result: no
configure:14226: checking for an ANSI C-conforming const
configure:14292: gcc -c -g -O2  conftest.c >&5
configure:14292: $? = 0
configure:14299: result: yes
configure:14307: checking for size_t
configure:14307: gcc -c -g -O2  conftest.c >&5
configure:14307: $? = 0
configure:14307: gcc -c -g -O2  conftest.c >&5
conftest.c: In function 'main':
conftest.c:69:21: error: expected expression before ')' token
 if (sizeof ((size_t)))
                     ^
configure:14307: $? = 1
configure: failed program was:
| /* confdefs.h */
| #define PACKAGE_NAME "PCRE2"
| #define PACKAGE_TARNAME "pcre2"
| #define PACKAGE_VERSION "10.21"
| #define PACKAGE_STRING "PCRE2 10.21"
| #define PACKAGE_BUGREPORT ""
| #define PACKAGE_URL ""
| #define PACKAGE "pcre2"
| #define VERSION "10.21"
| #define STDC_HEADERS 1
| #define HAVE_SYS_TYPES_H 1
| #define HAVE_SYS_STAT_H 1
| #define HAVE_STDLIB_H 1
| #define HAVE_STRING_H 1
| #define HAVE_MEMORY_H 1
| #define HAVE_STRINGS_H 1
| #define HAVE_INTTYPES_H 1
| #define HAVE_STDINT_H 1
| #define HAVE_UNISTD_H 1
| #define HAVE_DLFCN_H 1
| #define LT_OBJDIR ".libs/"
| #define PCRE2_EXP_DECL extern __attribute__ ((visibility ("default")))
| #define PCRE2_EXP_DEFN __attribute__ ((visibility ("default")))
| #define PCRE2POSIX_EXP_DECL extern __attribute__ ((visibility ("default")))
| #define PCRE2POSIX_EXP_DEFN extern __attribute__ ((visibility ("default")))
| #define HAVE_VISIBILITY 1
| #define STDC_HEADERS 1
| #define HAVE_LIMITS_H 1
| #define HAVE_SYS_TYPES_H 1
| #define HAVE_SYS_STAT_H 1
| #define HAVE_DIRENT_H 1
| /* end confdefs.h.  */
| #include <stdio.h>
| #ifdef HAVE_SYS_TYPES_H
| # include <sys/types.h>
| #endif
| #ifdef HAVE_SYS_STAT_H
| # include <sys/stat.h>
| #endif
| #ifdef STDC_HEADERS
| # include <stdlib.h>
| # include <stddef.h>
| #else
| # ifdef HAVE_STDLIB_H
| #  include <stdlib.h>
| # endif
| #endif
| #ifdef HAVE_STRING_H
| # if !defined STDC_HEADERS && defined HAVE_MEMORY_H
| #  include <memory.h>
| # endif
| # include <string.h>
| #endif
| #ifdef HAVE_STRINGS_H
| # include <strings.h>
| #endif
| #ifdef HAVE_INTTYPES_H
| # include <inttypes.h>
| #endif
| #ifdef HAVE_STDINT_H
| # include <stdint.h>
| #endif
| #ifdef HAVE_UNISTD_H
| # include <unistd.h>
| #endif
| int
| main ()
| {
| if (sizeof ((size_t)))
| 	    return 0;
|   ;
|   return 0;
| }
configure:14307: result: yes
configure:14324: checking for bcopy
configure:14324: gcc -o conftest -g -O2   conftest.c  >&5
conftest.c:56:6: warning: conflicting types for built-in function 'bcopy' [enabled by default]
 char bcopy ();
      ^
configure:14324: $? = 0
configure:14324: result: yes
configure:14324: checking for memmove
configure:14324: gcc -o conftest -g -O2   conftest.c  >&5
conftest.c:57:6: warning: conflicting types for built-in function 'memmove' [enabled by default]
 char memmove ();
      ^
configure:14324: $? = 0
configure:14324: result: yes
configure:14324: checking for strerror
configure:14324: gcc -o conftest -g -O2   conftest.c  >&5
configure:14324: $? = 0
configure:14324: result: yes
configure:14338: checking zlib.h usability
configure:14338: gcc -c -g -O2  conftest.c >&5
configure:14338: $? = 0
configure:14338: result: yes
configure:14338: checking zlib.h presence
configure:14338: gcc -E  conftest.c
configure:14338: $? = 0
configure:14338: result: yes
configure:14338: checking for zlib.h
configure:14338: result: yes
configure:14348: checking for gzopen in -lz
configure:14373: gcc -o conftest -g -O2   conftest.c -lz   >&5
configure:14373: $? = 0
configure:14382: result: yes
configure:14407: checking bzlib.h usability
configure:14407: gcc -c -g -O2  conftest.c >&5
configure:14407: $? = 0
configure:14407: result: yes
configure:14407: checking bzlib.h presence
configure:14407: gcc -E  conftest.c
configure:14407: $? = 0
configure:14407: result: yes
configure:14407: checking for bzlib.h
configure:14407: result: yes
configure:14422: checking for libbz2
configure:14440: gcc -o conftest -g -O2   conftest.c  -lbz2 >&5
configure:14440: $? = 0
configure:14441: result: yes
configure:16012: checking that generated files are newer than configure
configure:16018: result: done
configure:16085: creating ./config.status

## ---------------------- ##
## Running config.status. ##
## ---------------------- ##

This file was extended by PCRE2 config.status 10.21, which was
generated by GNU Autoconf 2.69.  Invocation command line was

  CONFIG_FILES    = 
  CONFIG_HEADERS  = 
  CONFIG_LINKS    = 
  CONFIG_COMMANDS = 
  $ ./config.status 

on 210-solaris.nsscn.org

config.status:1172: creating Makefile
config.status:1172: creating libpcre2-8.pc
config.status:1172: creating libpcre2-16.pc
config.status:1172: creating libpcre2-32.pc
config.status:1172: creating libpcre2-posix.pc
config.status:1172: creating pcre2-config
config.status:1172: creating src/pcre2.h
config.status:1172: creating src/config.h
config.status:1401: executing depfiles commands
config.status:1401: executing libtool commands
config.status:1401: executing script-chmod commands
config.status:1401: executing delete-old-chartables commands

## ---------------- ##
## Cache variables. ##
## ---------------- ##

ac_cv_build=i386-pc-solaris2.11
ac_cv_c_compiler_gnu=yes
ac_cv_c_const=yes
ac_cv_c_int64_t=yes
ac_cv_env_CC_set=''
ac_cv_env_CC_value=''
ac_cv_env_CFLAGS_set=''
ac_cv_env_CFLAGS_value=''
ac_cv_env_CPPFLAGS_set=''
ac_cv_env_CPPFLAGS_value=''
ac_cv_env_CPP_set=''
ac_cv_env_CPP_value=''
ac_cv_env_GENHTML_set=''
ac_cv_env_GENHTML_value=''
ac_cv_env_LCOV_set=''
ac_cv_env_LCOV_value=''
ac_cv_env_LDFLAGS_set=''
ac_cv_env_LDFLAGS_value=''
ac_cv_env_LIBS_set=''
ac_cv_env_LIBS_value=''
ac_cv_env_LT_SYS_LIBRARY_PATH_set=''
ac_cv_env_LT_SYS_LIBRARY_PATH_value=''
ac_cv_env_PKG_CONFIG_LIBDIR_set=''
ac_cv_env_PKG_CONFIG_LIBDIR_value=''
ac_cv_env_PKG_CONFIG_PATH_set=''
ac_cv_env_PKG_CONFIG_PATH_value=''
ac_cv_env_PKG_CONFIG_set=''
ac_cv_env_PKG_CONFIG_value=''
ac_cv_env_VALGRIND_CFLAGS_set=''
ac_cv_env_VALGRIND_CFLAGS_value=''
ac_cv_env_VALGRIND_LIBS_set=''
ac_cv_env_VALGRIND_LIBS_value=''
ac_cv_env_build_alias_set=''
ac_cv_env_build_alias_value=''
ac_cv_env_host_alias_set=''
ac_cv_env_host_alias_value=''
ac_cv_env_target_alias_set=''
ac_cv_env_target_alias_value=''
ac_cv_func_bcopy=yes
ac_cv_func_memmove=yes
ac_cv_func_strerror=yes
ac_cv_header_bzlib_h=yes
ac_cv_header_dirent_h=yes
ac_cv_header_dlfcn_h=yes
ac_cv_header_inttypes_h=yes
ac_cv_header_limits_h=yes
ac_cv_header_memory_h=yes
ac_cv_header_stdc=yes
ac_cv_header_stdint_h=yes
ac_cv_header_stdlib_h=yes
ac_cv_header_string_h=yes
ac_cv_header_strings_h=yes
ac_cv_header_sys_stat_h=yes
ac_cv_header_sys_types_h=yes
ac_cv_header_unistd_h=yes
ac_cv_header_windows_h=no
ac_cv_header_zlib_h=yes
ac_cv_host=i386-pc-solaris2.11
ac_cv_lib_z_gzopen=yes
ac_cv_objext=o
ac_cv_path_EGREP='/usr/bin/ggrep -E'
ac_cv_path_FGREP='/usr/bin/ggrep -F'
ac_cv_path_GREP=/usr/bin/ggrep
ac_cv_path_SED=/usr/bin/gsed
ac_cv_path_install='/usr/bin/ginstall -c'
ac_cv_path_lt_DD=/usr/bin/dd
ac_cv_path_mkdir=/usr/bin/gmkdir
ac_cv_prog_AWK=gawk
ac_cv_prog_CPP='gcc -E'
ac_cv_prog_ac_ct_AR=ar
ac_cv_prog_ac_ct_CC=gcc
ac_cv_prog_ac_ct_DLLTOOL=dlltool
ac_cv_prog_ac_ct_MANIFEST_TOOL=mt
ac_cv_prog_ac_ct_OBJDUMP=objdump
ac_cv_prog_ac_ct_RANLIB=ranlib
ac_cv_prog_ac_ct_STRIP=strip
ac_cv_prog_cc_c89=''
ac_cv_prog_cc_g=yes
ac_cv_prog_make_make_set=yes
ac_cv_type_size_t=yes
am_cv_CC_dependencies_compiler_type=gcc3
am_cv_ar_interface=ar
am_cv_make_support_nested_variables=yes
am_cv_prog_cc_c_o=yes
lt_cv_ar_at_file=no
lt_cv_deplibs_check_method=pass_all
lt_cv_file_magic_cmd='$MAGIC_CMD'
lt_cv_file_magic_test_file=''
lt_cv_ld_reload_flag=-r
lt_cv_nm_interface='BSD nm'
lt_cv_objdir=.libs
lt_cv_path_LD=/usr/bin/ld
lt_cv_path_NM='/usr/xpg4/bin/nm -p'
lt_cv_path_mainfest_tool=no
lt_cv_prog_compiler_c_o=yes
lt_cv_prog_compiler_pic='-fPIC -DPIC'
lt_cv_prog_compiler_pic_works=yes
lt_cv_prog_compiler_rtti_exceptions=no
lt_cv_prog_compiler_static_works=no
lt_cv_prog_gnu_ld=no
lt_cv_sharedlib_from_linklib_cmd='print -r --'
lt_cv_sys_global_symbol_pipe=''
lt_cv_sys_global_symbol_to_c_name_address=$'sed -n -e \'s/^: \\(.*\\) .*$/  {"\\1", (void *) 0},/p\' -e \'s/^[BDRT][BDRT]* .* \\(.*\\)$/  {"\\1", (void *) \\&\\1},/p\''
lt_cv_sys_global_symbol_to_c_name_address_lib_prefix=$'sed -n -e \'s/^: \\(.*\\) .*$/  {"\\1", (void *) 0},/p\' -e \'s/^[BDRT][BDRT]* .* \\(lib.*\\)$/  {"\\1", (void *) \\&\\1},/p\' -e \'s/^[BDRT][BDRT]* .* \\(.*\\)$/  {"lib\\1", (void *) \\&\\1},/p\''
lt_cv_sys_global_symbol_to_cdecl=''
lt_cv_sys_global_symbol_to_import=''
lt_cv_sys_max_cmd_len=786240
lt_cv_to_host_file_cmd=func_convert_file_noop
lt_cv_to_tool_file_cmd=func_convert_file_noop
lt_cv_truncate_bin='/usr/bin/dd bs=4096 count=1'
pcre2_cv_cc_vis_werror=yes
pcre2_cv_cc_visibility=yes

## ----------------- ##
## Output variables. ##
## ----------------- ##

ACLOCAL='${SHELL} /root/fish-2.3.0/pcre2-10.21/missing aclocal-1.15'
AMDEPBACKSLASH='\'
AMDEP_FALSE='#'
AMDEP_TRUE=''
AMTAR='$${TAR-tar}'
AM_BACKSLASH='\'
AM_DEFAULT_V='$(AM_DEFAULT_VERBOSITY)'
AM_DEFAULT_VERBOSITY='0'
AM_V='$(V)'
AR='ar'
AS='as'
AUTOCONF='${SHELL} /root/fish-2.3.0/pcre2-10.21/missing autoconf'
AUTOHEADER='${SHELL} /root/fish-2.3.0/pcre2-10.21/missing autoheader'
AUTOMAKE='${SHELL} /root/fish-2.3.0/pcre2-10.21/missing automake-1.15'
AWK='gawk'
CC='gcc'
CCDEPMODE='depmode=gcc3'
CFLAGS='-g -O2'
CPP='gcc -E'
CPPFLAGS=''
CYGPATH_W='echo'
DEFS='-DHAVE_CONFIG_H'
DEPDIR='.deps'
DISTCHECK_CONFIGURE_FLAGS='CFLAGS='\'''\'' CXXFLAGS='\'''\'' --enable-pcre2-16 --enable-pcre2-32 --enable-jit --enable-utf'
DLLTOOL='dlltool'
DSYMUTIL=''
DUMPBIN=''
ECHO_C='\c'
ECHO_N=''
ECHO_T=''
EGREP='/usr/bin/ggrep -E'
EXEEXT=''
EXTRA_LIBPCRE2_16_LDFLAGS='    -version-info 3:0:3'
EXTRA_LIBPCRE2_32_LDFLAGS='    -version-info 3:0:3'
EXTRA_LIBPCRE2_8_LDFLAGS='    -version-info 3:0:3'
EXTRA_LIBPCRE2_POSIX_LDFLAGS='    -version-info 0:1:0'
FGREP='/usr/bin/ggrep -F'
GCOV_CFLAGS=''
GCOV_CXXFLAGS=''
GCOV_LIBS=''
GENHTML=''
GREP='/usr/bin/ggrep'
HAVE_VISIBILITY='1'
INSTALL_DATA='${INSTALL} -m 644'
INSTALL_PROGRAM='${INSTALL}'
INSTALL_SCRIPT='${INSTALL}'
INSTALL_STRIP_PROGRAM='$(install_sh) -c -s'
LCOV=''
LD='/usr/bin/ld'
LDFLAGS=''
LIBBZ2=''
LIBOBJS=''
LIBREADLINE=''
LIBS=''
LIBTOOL='$(SHELL) $(top_builddir)/libtool'
LIBZ=''
LIPO=''
LN_S='ln -s'
LTLIBOBJS=''
LT_SYS_LIBRARY_PATH=''
MAINT='#'
MAINTAINER_MODE_FALSE=''
MAINTAINER_MODE_TRUE='#'
MAKEINFO='${SHELL} /root/fish-2.3.0/pcre2-10.21/missing makeinfo'
MANIFEST_TOOL=':'
MKDIR_P='/usr/bin/gmkdir -p'
NM='/usr/xpg4/bin/nm -p'
NMEDIT=''
OBJDUMP='objdump'
OBJEXT='o'
OTOOL64=''
OTOOL=''
PACKAGE='pcre2'
PACKAGE_BUGREPORT=''
PACKAGE_NAME='PCRE2'
PACKAGE_STRING='PCRE2 10.21'
PACKAGE_TARNAME='pcre2'
PACKAGE_URL=''
PACKAGE_VERSION='10.21'
PATH_SEPARATOR=':'
PCRE2_DATE='2016-01-12'
PCRE2_MAJOR='10'
PCRE2_MINOR='21'
PCRE2_PRERELEASE=''
PCRE2_STATIC_CFLAG='-DPCRE2_STATIC'
PKG_CONFIG=''
PKG_CONFIG_LIBDIR=''
PKG_CONFIG_PATH=''
PTHREAD_CC=''
PTHREAD_CFLAGS=''
PTHREAD_LIBS=''
RANLIB='ranlib'
SED='/usr/bin/gsed'
SET_MAKE=''
SHELL='/bin/sh'
SHTOOL=''
STRIP='strip'
VALGRIND_CFLAGS=''
VALGRIND_LIBS=''
VERSION='10.21'
VISIBILITY_CFLAGS='-fvisibility=hidden'
VISIBILITY_CXXFLAGS='-fvisibility=hidden -fvisibility-inlines-hidden'
WITH_DEBUG_FALSE=''
WITH_DEBUG_TRUE='#'
WITH_GCOV_FALSE=''
WITH_GCOV_TRUE='#'
WITH_JIT_FALSE=''
WITH_JIT_TRUE='#'
WITH_PCRE2_16_FALSE=''
WITH_PCRE2_16_TRUE='#'
WITH_PCRE2_32_FALSE='#'
WITH_PCRE2_32_TRUE=''
WITH_PCRE2_8_FALSE=''
WITH_PCRE2_8_TRUE='#'
WITH_REBUILD_CHARTABLES_FALSE=''
WITH_REBUILD_CHARTABLES_TRUE='#'
WITH_UNICODE_FALSE='#'
WITH_UNICODE_TRUE=''
WITH_VALGRIND_FALSE=''
WITH_VALGRIND_TRUE='#'
ac_ct_AR='ar'
ac_ct_CC='gcc'
ac_ct_DUMPBIN=''
am__EXEEXT_FALSE=''
am__EXEEXT_TRUE='#'
am__fastdepCC_FALSE='#'
am__fastdepCC_TRUE=''
am__include='include'
am__isrc=''
am__leading_dot='.'
am__nodep='_no'
am__quote=''
am__tar='$${TAR-tar} chof - "$$tardir"'
am__untar='$${TAR-tar} xf -'
ax_pthread_config=''
bindir='${exec_prefix}/bin'
build='i386-pc-solaris2.11'
build_alias=''
build_cpu='i386'
build_os='solaris2.11'
build_vendor='pc'
datadir='${datarootdir}'
datarootdir='${prefix}/share'
docdir='${datarootdir}/doc/${PACKAGE_TARNAME}'
dvidir='${docdir}'
enable_pcre2_16='no'
enable_pcre2_32='yes'
enable_pcre2_8='no'
exec_prefix='${prefix}'
host='i386-pc-solaris2.11'
host_alias=''
host_cpu='i386'
host_os='solaris2.11'
host_vendor='pc'
htmldir='${docdir}/html'
includedir='${prefix}/include'
infodir='${datarootdir}/info'
install_sh='${SHELL} /root/fish-2.3.0/pcre2-10.21/install-sh'
libdir='${exec_prefix}/lib'
libexecdir='${exec_prefix}/libexec'
localedir='${datarootdir}/locale'
localstatedir='${prefix}/var'
mandir='${datarootdir}/man'
mkdir_p='$(MKDIR_P)'
oldincludedir='/usr/include'
pdfdir='${docdir}'
prefix='/usr/local'
program_transform_name='s,x,x,'
psdir='${docdir}'
sbindir='${exec_prefix}/sbin'
sharedstatedir='${prefix}/com'
sysconfdir='${prefix}/etc'
target_alias=''

## ----------- ##
## confdefs.h. ##
## ----------- ##

/* confdefs.h */
#define PACKAGE_NAME "PCRE2"
#define PACKAGE_TARNAME "pcre2"
#define PACKAGE_VERSION "10.21"
#define PACKAGE_STRING "PCRE2 10.21"
#define PACKAGE_BUGREPORT ""
#define PACKAGE_URL ""
#define PACKAGE "pcre2"
#define VERSION "10.21"
#define STDC_HEADERS 1
#define HAVE_SYS_TYPES_H 1
#define HAVE_SYS_STAT_H 1
#define HAVE_STDLIB_H 1
#define HAVE_STRING_H 1
#define HAVE_MEMORY_H 1
#define HAVE_STRINGS_H 1
#define HAVE_INTTYPES_H 1
#define HAVE_STDINT_H 1
#define HAVE_UNISTD_H 1
#define HAVE_DLFCN_H 1
#define LT_OBJDIR ".libs/"
#define PCRE2_EXP_DECL extern __attribute__ ((visibility ("default")))
#define PCRE2_EXP_DEFN __attribute__ ((visibility ("default")))
#define PCRE2POSIX_EXP_DECL extern __attribute__ ((visibility ("default")))
#define PCRE2POSIX_EXP_DEFN extern __attribute__ ((visibility ("default")))
#define HAVE_VISIBILITY 1
#define STDC_HEADERS 1
#define HAVE_LIMITS_H 1
#define HAVE_SYS_TYPES_H 1
#define HAVE_SYS_STAT_H 1
#define HAVE_DIRENT_H 1
#define HAVE_BCOPY 1
#define HAVE_MEMMOVE 1
#define HAVE_STRERROR 1
#define HAVE_ZLIB_H 1
#define HAVE_BZLIB_H 1
#define PCRE2_STATIC 1
#define SUPPORT_PCRE2_32 /**/
#define SUPPORT_UNICODE /**/
#define PCRE2GREP_BUFSIZE 20480
#define NEWLINE_DEFAULT 2
#define LINK_SIZE 2
#define PARENS_NEST_LIMIT 250
#define MATCH_LIMIT 10000000
#define MATCH_LIMIT_RECURSION MATCH_LIMIT
#define MAX_NAME_SIZE 32
#define MAX_NAME_COUNT 10000

configure: exit 0
